stdio    D         file_stdio.c:110  file_stdio_fopen                 [   0.00000] opening C:\Users\Main\Desktop\repositorios\game-project\bin\Debug\allegro5.cfg r
system   D            wsystem.c:854  _al_win_safe_load_library        [   0.00000] PathFindOnPath found: C:\Windows\system32\shcore.dll
system   D            wsystem.c:760  load_library_at_path             [   0.00000] Calling LoadLibrary C:\Windows\system32\shcore.dll
system   I            wsystem.c:763  load_library_at_path             [   0.00000] Loaded C:\Windows\system32\shcore.dll
system   I             system.c:267  al_install_system                [   0.00000] Allegro version: 5.2.6
system   D            wsystem.c:854  _al_win_safe_load_library        [   0.00028] PathFindOnPath found: C:\Windows\system32\d3d9.dll
system   D            wsystem.c:760  load_library_at_path             [   0.00030] Calling LoadLibrary C:\Windows\system32\d3d9.dll
system   I            wsystem.c:763  load_library_at_path             [   0.00101] Loaded C:\Windows\system32\d3d9.dll
d3d      I         d3d_disp.cpp:684  d3d_init_display                 [   0.01860] Render-to-texture: 1
d3d      I         d3d_disp.cpp:1778 d3d_create_display_locked        [   0.01922] faux_fullscreen=0
d3d      D         d3d_disp.cpp:1779 d3d_create_display_locked        [   0.01925] al_display=0000000000779280
d3d      D         d3d_disp.cpp:1780 d3d_create_display_locked        [   0.01926] al_display->vt=0000000000779110
d3d      I d3d_display_formats.cpp:144  _al_d3d_generate_display_format_list [   0.02127] found 160 format combinations
display  D   display_settings.c:212  debug_display_settings           [   0.02130] color: 32 (rgba 8880), depth: 0, stencil: 0, acc: 0000, samples: 0/0
display  D   display_settings.c:527  _al_score_display_settings       [   0.02131] Score is : 897
display  D   display_settings.c:212  debug_display_settings           [   0.02132] color: 32 (rgba 8880), depth: 0, stencil: 0, acc: 0000, samples: 0/0
display  D   display_settings.c:527  _al_score_display_settings       [   0.02134] Score is : 897
display  D   display_settings.c:212  debug_display_settings           [   0.02135] color: 32 (rgba 8880), depth: 0, stencil: 0, acc: 0000, samples: 2/1
display  D   display_settings.c:527  _al_score_display_settings       [   0.02136] Score is : 726
display  D   display_settings.c:212  debug_display_settings           [   0.02137] color: 32 (rgba 8880), depth: 0, stencil: 0, acc: 0000, samples: 3/1
display  D   display_settings.c:527  _al_score_display_settings       [   0.02138] Score is : 721
display  D   display_settings.c:212  debug_display_settings           [   0.02138] color: 32 (rgba 8880), depth: 0, stencil: 0, acc: 0000, samples: 4/1
display  D   display_settings.c:527  _al_score_display_settings       [   0.02140] Score is : 717
display  D   display_settings.c:212  debug_display_settings           [   0.02140] color: 32 (rgba 8880), depth: 24, stencil: 8, acc: 0000, samples: 0/0
display  D   display_settings.c:527  _al_score_display_settings       [   0.02141] Score is : 897
display  D   display_settings.c:212  debug_display_settings           [   0.02142] color: 32 (rgba 8880), depth: 24, stencil: 8, acc: 0000, samples: 0/0
display  D   display_settings.c:527  _al_score_display_settings       [   0.02143] Score is : 897
display  D   display_settings.c:212  debug_display_settings           [   0.02144] color: 32 (rgba 8880), depth: 24, stencil: 8, acc: 0000, samples: 2/1
display  D   display_settings.c:527  _al_score_display_settings       [   0.02145] Score is : 726
display  D   display_settings.c:212  debug_display_settings           [   0.02146] color: 32 (rgba 8880), depth: 24, stencil: 8, acc: 0000, samples: 3/1
display  D   display_settings.c:527  _al_score_display_settings       [   0.02147] Score is : 721
display  D   display_settings.c:212  debug_display_settings           [   0.02148] color: 32 (rgba 8880), depth: 24, stencil: 8, acc: 0000, samples: 4/1
display  D   display_settings.c:527  _al_score_display_settings       [   0.02149] Score is : 717
display  D   display_settings.c:212  debug_display_settings           [   0.02153] color: 32 (rgba 8880), depth: 24, stencil: 0, acc: 0000, samples: 0/0
display  D   display_settings.c:527  _al_score_display_settings       [   0.02155] Score is : 897
display  D   display_settings.c:212  debug_display_settings           [   0.02156] color: 32 (rgba 8880), depth: 24, stencil: 0, acc: 0000, samples: 0/0
display  D   display_settings.c:527  _al_score_display_settings       [   0.02157] Score is : 897
display  D   display_settings.c:212  debug_display_settings           [   0.02158] color: 32 (rgba 8880), depth: 24, stencil: 0, acc: 0000, samples: 2/1
display  D   display_settings.c:527  _al_score_display_settings       [   0.02159] Score is : 726
display  D   display_settings.c:212  debug_display_settings           [   0.02160] color: 32 (rgba 8880), depth: 24, stencil: 0, acc: 0000, samples: 3/1
display  D   display_settings.c:527  _al_score_display_settings       [   0.02161] Score is : 721
display  D   display_settings.c:212  debug_display_settings           [   0.02162] color: 32 (rgba 8880), depth: 24, stencil: 0, acc: 0000, samples: 4/1
display  D   display_settings.c:527  _al_score_display_settings       [   0.02163] Score is : 717
display  D   display_settings.c:212  debug_display_settings           [   0.02163] color: 32 (rgba 8880), depth: 16, stencil: 0, acc: 0000, samples: 0/0
display  D   display_settings.c:527  _al_score_display_settings       [   0.02164] Score is : 897
display  D   display_settings.c:212  debug_display_settings           [   0.02165] color: 32 (rgba 8880), depth: 16, stencil: 0, acc: 0000, samples: 0/0
display  D   display_settings.c:527  _al_score_display_settings       [   0.02166] Score is : 897
display  D   display_settings.c:212  debug_display_settings           [   0.02167] color: 32 (rgba 8880), depth: 16, stencil: 0, acc: 0000, samples: 2/1
display  D   display_settings.c:527  _al_score_display_settings       [   0.02168] Score is : 726
display  D   display_settings.c:212  debug_display_settings           [   0.02169] color: 32 (rgba 8880), depth: 16, stencil: 0, acc: 0000, samples: 3/1
display  D   display_settings.c:527  _al_score_display_settings       [   0.02170] Score is : 721
display  D   display_settings.c:212  debug_display_settings           [   0.02171] color: 32 (rgba 8880), depth: 16, stencil: 0, acc: 0000, samples: 4/1
display  D   display_settings.c:527  _al_score_display_settings       [   0.02172] Score is : 717
display  D   display_settings.c:212  debug_display_settings           [   0.02173] color: 16 (rgba 5650), depth: 0, stencil: 0, acc: 0000, samples: 0/0
display  D   display_settings.c:527  _al_score_display_settings       [   0.02174] Score is : 897
display  D   display_settings.c:212  debug_display_settings           [   0.02175] color: 16 (rgba 5650), depth: 0, stencil: 0, acc: 0000, samples: 0/0
display  D   display_settings.c:527  _al_score_display_settings       [   0.02176] Score is : 897
display  D   display_settings.c:212  debug_display_settings           [   0.02177] color: 16 (rgba 5650), depth: 0, stencil: 0, acc: 0000, samples: 2/1
display  D   display_settings.c:527  _al_score_display_settings       [   0.02178] Score is : 726
display  D   display_settings.c:212  debug_display_settings           [   0.02179] color: 16 (rgba 5650), depth: 0, stencil: 0, acc: 0000, samples: 3/1
display  D   display_settings.c:527  _al_score_display_settings       [   0.02180] Score is : 721
display  D   display_settings.c:212  debug_display_settings           [   0.02181] color: 16 (rgba 5650), depth: 0, stencil: 0, acc: 0000, samples: 4/1
display  D   display_settings.c:527  _al_score_display_settings       [   0.02182] Score is : 717
display  D   display_settings.c:212  debug_display_settings           [   0.02183] color: 16 (rgba 5650), depth: 24, stencil: 8, acc: 0000, samples: 0/0
display  D   display_settings.c:527  _al_score_display_settings       [   0.02184] Score is : 897
display  D   display_settings.c:212  debug_display_settings           [   0.02185] color: 16 (rgba 5650), depth: 24, stencil: 8, acc: 0000, samples: 0/0
display  D   display_settings.c:527  _al_score_display_settings       [   0.02186] Score is : 897
display  D   display_settings.c:212  debug_display_settings           [   0.02187] color: 16 (rgba 5650), depth: 24, stencil: 8, acc: 0000, samples: 2/1
display  D   display_settings.c:527  _al_score_display_settings       [   0.02188] Score is : 726
display  D   display_settings.c:212  debug_display_settings           [   0.02189] color: 16 (rgba 5650), depth: 24, stencil: 8, acc: 0000, samples: 3/1
display  D   display_settings.c:527  _al_score_display_settings       [   0.02190] Score is : 721
display  D   display_settings.c:212  debug_display_settings           [   0.02191] color: 16 (rgba 5650), depth: 24, stencil: 8, acc: 0000, samples: 4/1
display  D   display_settings.c:527  _al_score_display_settings       [   0.02192] Score is : 717
display  D   display_settings.c:212  debug_display_settings           [   0.02193] color: 16 (rgba 5650), depth: 24, stencil: 0, acc: 0000, samples: 0/0
display  D   display_settings.c:527  _al_score_display_settings       [   0.02194] Score is : 897
display  D   display_settings.c:212  debug_display_settings           [   0.02195] color: 16 (rgba 5650), depth: 24, stencil: 0, acc: 0000, samples: 0/0
display  D   display_settings.c:527  _al_score_display_settings       [   0.02196] Score is : 897
display  D   display_settings.c:212  debug_display_settings           [   0.02197] color: 16 (rgba 5650), depth: 24, stencil: 0, acc: 0000, samples: 2/1
display  D   display_settings.c:527  _al_score_display_settings       [   0.02198] Score is : 726
display  D   display_settings.c:212  debug_display_settings           [   0.02199] color: 16 (rgba 5650), depth: 24, stencil: 0, acc: 0000, samples: 3/1
display  D   display_settings.c:527  _al_score_display_settings       [   0.02200] Score is : 721
display  D   display_settings.c:212  debug_display_settings           [   0.02201] color: 16 (rgba 5650), depth: 24, stencil: 0, acc: 0000, samples: 4/1
display  D   display_settings.c:527  _al_score_display_settings       [   0.02202] Score is : 717
display  D   display_settings.c:212  debug_display_settings           [   0.02202] color: 16 (rgba 5650), depth: 16, stencil: 0, acc: 0000, samples: 0/0
display  D   display_settings.c:527  _al_score_display_settings       [   0.02203] Score is : 897
display  D   display_settings.c:212  debug_display_settings           [   0.02204] color: 16 (rgba 5650), depth: 16, stencil: 0, acc: 0000, samples: 0/0
display  D   display_settings.c:527  _al_score_display_settings       [   0.02205] Score is : 897
display  D   display_settings.c:212  debug_display_settings           [   0.02206] color: 16 (rgba 5650), depth: 16, stencil: 0, acc: 0000, samples: 2/1
display  D   display_settings.c:527  _al_score_display_settings       [   0.02207] Score is : 726
display  D   display_settings.c:212  debug_display_settings           [   0.02208] color: 16 (rgba 5650), depth: 16, stencil: 0, acc: 0000, samples: 3/1
display  D   display_settings.c:527  _al_score_display_settings       [   0.02209] Score is : 721
display  D   display_settings.c:212  debug_display_settings           [   0.02210] color: 16 (rgba 5650), depth: 16, stencil: 0, acc: 0000, samples: 4/1
display  D   display_settings.c:527  _al_score_display_settings       [   0.02211] Score is : 717
display  D   display_settings.c:212  debug_display_settings           [   0.02212] color: 32 (rgba 8880), depth: 0, stencil: 0, acc: 0000, samples: 0/0
display  D   display_settings.c:398  _al_score_display_settings       [   0.02213] Single Buffer requirement not met.
display  D   display_settings.c:212  debug_display_settings           [   0.02214] color: 32 (rgba 8880), depth: 0, stencil: 0, acc: 0000, samples: 0/0
display  D   display_settings.c:398  _al_score_display_settings       [   0.02215] Single Buffer requirement not met.
display  D   display_settings.c:212  debug_display_settings           [   0.02216] color: 32 (rgba 8880), depth: 0, stencil: 0, acc: 0000, samples: 2/1
display  D   display_settings.c:398  _al_score_display_settings       [   0.02217] Single Buffer requirement not met.
display  D   display_settings.c:212  debug_display_settings           [   0.02218] color: 32 (rgba 8880), depth: 0, stencil: 0, acc: 0000, samples: 3/1
display  D   display_settings.c:398  _al_score_display_settings       [   0.02219] Single Buffer requirement not met.
display  D   display_settings.c:212  debug_display_settings           [   0.02220] color: 32 (rgba 8880), depth: 0, stencil: 0, acc: 0000, samples: 4/1
display  D   display_settings.c:398  _al_score_display_settings       [   0.02221] Single Buffer requirement not met.
display  D   display_settings.c:212  debug_display_settings           [   0.02222] color: 32 (rgba 8880), depth: 24, stencil: 8, acc: 0000, samples: 0/0
display  D   display_settings.c:398  _al_score_display_settings       [   0.02223] Single Buffer requirement not met.
display  D   display_settings.c:212  debug_display_settings           [   0.02224] color: 32 (rgba 8880), depth: 24, stencil: 8, acc: 0000, samples: 0/0
display  D   display_settings.c:398  _al_score_display_settings       [   0.02225] Single Buffer requirement not met.
display  D   display_settings.c:212  debug_display_settings           [   0.02226] color: 32 (rgba 8880), depth: 24, stencil: 8, acc: 0000, samples: 2/1
display  D   display_settings.c:398  _al_score_display_settings       [   0.02227] Single Buffer requirement not met.
display  D   display_settings.c:212  debug_display_settings           [   0.02228] color: 32 (rgba 8880), depth: 24, stencil: 8, acc: 0000, samples: 3/1
display  D   display_settings.c:398  _al_score_display_settings       [   0.02229] Single Buffer requirement not met.
display  D   display_settings.c:212  debug_display_settings           [   0.02230] color: 32 (rgba 8880), depth: 24, stencil: 8, acc: 0000, samples: 4/1
display  D   display_settings.c:398  _al_score_display_settings       [   0.02231] Single Buffer requirement not met.
display  D   display_settings.c:212  debug_display_settings           [   0.02232] color: 32 (rgba 8880), depth: 24, stencil: 0, acc: 0000, samples: 0/0
display  D   display_settings.c:398  _al_score_display_settings       [   0.02233] Single Buffer requirement not met.
display  D   display_settings.c:212  debug_display_settings           [   0.02234] color: 32 (rgba 8880), depth: 24, stencil: 0, acc: 0000, samples: 0/0
display  D   display_settings.c:398  _al_score_display_settings       [   0.02235] Single Buffer requirement not met.
display  D   display_settings.c:212  debug_display_settings           [   0.02236] color: 32 (rgba 8880), depth: 24, stencil: 0, acc: 0000, samples: 2/1
display  D   display_settings.c:398  _al_score_display_settings       [   0.02237] Single Buffer requirement not met.
display  D   display_settings.c:212  debug_display_settings           [   0.02238] color: 32 (rgba 8880), depth: 24, stencil: 0, acc: 0000, samples: 3/1
display  D   display_settings.c:398  _al_score_display_settings       [   0.02239] Single Buffer requirement not met.
display  D   display_settings.c:212  debug_display_settings           [   0.02240] color: 32 (rgba 8880), depth: 24, stencil: 0, acc: 0000, samples: 4/1
display  D   display_settings.c:398  _al_score_display_settings       [   0.02241] Single Buffer requirement not met.
display  D   display_settings.c:212  debug_display_settings           [   0.02242] color: 32 (rgba 8880), depth: 16, stencil: 0, acc: 0000, samples: 0/0
display  D   display_settings.c:398  _al_score_display_settings       [   0.02243] Single Buffer requirement not met.
display  D   display_settings.c:212  debug_display_settings           [   0.02245] color: 32 (rgba 8880), depth: 16, stencil: 0, acc: 0000, samples: 0/0
display  D   display_settings.c:398  _al_score_display_settings       [   0.02246] Single Buffer requirement not met.
display  D   display_settings.c:212  debug_display_settings           [   0.02247] color: 32 (rgba 8880), depth: 16, stencil: 0, acc: 0000, samples: 2/1
display  D   display_settings.c:398  _al_score_display_settings       [   0.02249] Single Buffer requirement not met.
display  D   display_settings.c:212  debug_display_settings           [   0.02250] color: 32 (rgba 8880), depth: 16, stencil: 0, acc: 0000, samples: 3/1
display  D   display_settings.c:398  _al_score_display_settings       [   0.02252] Single Buffer requirement not met.
display  D   display_settings.c:212  debug_display_settings           [   0.02252] color: 32 (rgba 8880), depth: 16, stencil: 0, acc: 0000, samples: 4/1
display  D   display_settings.c:398  _al_score_display_settings       [   0.02253] Single Buffer requirement not met.
display  D   display_settings.c:212  debug_display_settings           [   0.02254] color: 16 (rgba 5650), depth: 0, stencil: 0, acc: 0000, samples: 0/0
display  D   display_settings.c:398  _al_score_display_settings       [   0.02255] Single Buffer requirement not met.
display  D   display_settings.c:212  debug_display_settings           [   0.02256] color: 16 (rgba 5650), depth: 0, stencil: 0, acc: 0000, samples: 0/0
display  D   display_settings.c:398  _al_score_display_settings       [   0.02257] Single Buffer requirement not met.
display  D   display_settings.c:212  debug_display_settings           [   0.02258] color: 16 (rgba 5650), depth: 0, stencil: 0, acc: 0000, samples: 2/1
display  D   display_settings.c:398  _al_score_display_settings       [   0.02259] Single Buffer requirement not met.
display  D   display_settings.c:212  debug_display_settings           [   0.02260] color: 16 (rgba 5650), depth: 0, stencil: 0, acc: 0000, samples: 3/1
display  D   display_settings.c:398  _al_score_display_settings       [   0.02261] Single Buffer requirement not met.
display  D   display_settings.c:212  debug_display_settings           [   0.02262] color: 16 (rgba 5650), depth: 0, stencil: 0, acc: 0000, samples: 4/1
display  D   display_settings.c:398  _al_score_display_settings       [   0.02263] Single Buffer requirement not met.
display  D   display_settings.c:212  debug_display_settings           [   0.02264] color: 16 (rgba 5650), depth: 24, stencil: 8, acc: 0000, samples: 0/0
display  D   display_settings.c:398  _al_score_display_settings       [   0.02265] Single Buffer requirement not met.
display  D   display_settings.c:212  debug_display_settings           [   0.02266] color: 16 (rgba 5650), depth: 24, stencil: 8, acc: 0000, samples: 0/0
display  D   display_settings.c:398  _al_score_display_settings       [   0.02267] Single Buffer requirement not met.
display  D   display_settings.c:212  debug_display_settings           [   0.02268] color: 16 (rgba 5650), depth: 24, stencil: 8, acc: 0000, samples: 2/1
display  D   display_settings.c:398  _al_score_display_settings       [   0.02269] Single Buffer requirement not met.
display  D   display_settings.c:212  debug_display_settings           [   0.02270] color: 16 (rgba 5650), depth: 24, stencil: 8, acc: 0000, samples: 3/1
display  D   display_settings.c:398  _al_score_display_settings       [   0.02271] Single Buffer requirement not met.
display  D   display_settings.c:212  debug_display_settings           [   0.02272] color: 16 (rgba 5650), depth: 24, stencil: 8, acc: 0000, samples: 4/1
display  D   display_settings.c:398  _al_score_display_settings       [   0.02273] Single Buffer requirement not met.
display  D   display_settings.c:212  debug_display_settings           [   0.02274] color: 16 (rgba 5650), depth: 24, stencil: 0, acc: 0000, samples: 0/0
display  D   display_settings.c:398  _al_score_display_settings       [   0.02275] Single Buffer requirement not met.
display  D   display_settings.c:212  debug_display_settings           [   0.02276] color: 16 (rgba 5650), depth: 24, stencil: 0, acc: 0000, samples: 0/0
display  D   display_settings.c:398  _al_score_display_settings       [   0.02277] Single Buffer requirement not met.
display  D   display_settings.c:212  debug_display_settings           [   0.02278] color: 16 (rgba 5650), depth: 24, stencil: 0, acc: 0000, samples: 2/1
display  D   display_settings.c:398  _al_score_display_settings       [   0.02279] Single Buffer requirement not met.
display  D   display_settings.c:212  debug_display_settings           [   0.02280] color: 16 (rgba 5650), depth: 24, stencil: 0, acc: 0000, samples: 3/1
display  D   display_settings.c:398  _al_score_display_settings       [   0.02281] Single Buffer requirement not met.
display  D   display_settings.c:212  debug_display_settings           [   0.02282] color: 16 (rgba 5650), depth: 24, stencil: 0, acc: 0000, samples: 4/1
display  D   display_settings.c:398  _al_score_display_settings       [   0.02284] Single Buffer requirement not met.
display  D   display_settings.c:212  debug_display_settings           [   0.02286] color: 16 (rgba 5650), depth: 16, stencil: 0, acc: 0000, samples: 0/0
display  D   display_settings.c:398  _al_score_display_settings       [   0.02288] Single Buffer requirement not met.
display  D   display_settings.c:212  debug_display_settings           [   0.02290] color: 16 (rgba 5650), depth: 16, stencil: 0, acc: 0000, samples: 0/0
display  D   display_settings.c:398  _al_score_display_settings       [   0.02292] Single Buffer requirement not met.
display  D   display_settings.c:212  debug_display_settings           [   0.02293] color: 16 (rgba 5650), depth: 16, stencil: 0, acc: 0000, samples: 2/1
display  D   display_settings.c:398  _al_score_display_settings       [   0.02294] Single Buffer requirement not met.
display  D   display_settings.c:212  debug_display_settings           [   0.02295] color: 16 (rgba 5650), depth: 16, stencil: 0, acc: 0000, samples: 3/1
display  D   display_settings.c:398  _al_score_display_settings       [   0.02296] Single Buffer requirement not met.
display  D   display_settings.c:212  debug_display_settings           [   0.02297] color: 16 (rgba 5650), depth: 16, stencil: 0, acc: 0000, samples: 4/1
display  D   display_settings.c:398  _al_score_display_settings       [   0.02299] Single Buffer requirement not met.
display  D   display_settings.c:212  debug_display_settings           [   0.02300] color: 32 (rgba 8880), depth: 0, stencil: 0, acc: 0000, samples: 0/0
display  D   display_settings.c:527  _al_score_display_settings       [   0.02302] Score is : 769
display  D   display_settings.c:212  debug_display_settings           [   0.02303] color: 32 (rgba 8880), depth: 0, stencil: 0, acc: 0000, samples: 0/0
display  D   display_settings.c:527  _al_score_display_settings       [   0.02304] Score is : 769
display  D   display_settings.c:212  debug_display_settings           [   0.02304] color: 32 (rgba 8880), depth: 0, stencil: 0, acc: 0000, samples: 2/1
display  D   display_settings.c:527  _al_score_display_settings       [   0.02306] Score is : 598
display  D   display_settings.c:212  debug_display_settings           [   0.02306] color: 32 (rgba 8880), depth: 0, stencil: 0, acc: 0000, samples: 3/1
display  D   display_settings.c:527  _al_score_display_settings       [   0.02307] Score is : 593
display  D   display_settings.c:212  debug_display_settings           [   0.02308] color: 32 (rgba 8880), depth: 0, stencil: 0, acc: 0000, samples: 4/1
display  D   display_settings.c:527  _al_score_display_settings       [   0.02309] Score is : 589
display  D   display_settings.c:212  debug_display_settings           [   0.02310] color: 32 (rgba 8880), depth: 24, stencil: 8, acc: 0000, samples: 0/0
display  D   display_settings.c:527  _al_score_display_settings       [   0.02311] Score is : 769
display  D   display_settings.c:212  debug_display_settings           [   0.02312] color: 32 (rgba 8880), depth: 24, stencil: 8, acc: 0000, samples: 0/0
display  D   display_settings.c:527  _al_score_display_settings       [   0.02313] Score is : 769
display  D   display_settings.c:212  debug_display_settings           [   0.02314] color: 32 (rgba 8880), depth: 24, stencil: 8, acc: 0000, samples: 2/1
display  D   display_settings.c:527  _al_score_display_settings       [   0.02315] Score is : 598
display  D   display_settings.c:212  debug_display_settings           [   0.02316] color: 32 (rgba 8880), depth: 24, stencil: 8, acc: 0000, samples: 3/1
display  D   display_settings.c:527  _al_score_display_settings       [   0.02317] Score is : 593
display  D   display_settings.c:212  debug_display_settings           [   0.02318] color: 32 (rgba 8880), depth: 24, stencil: 8, acc: 0000, samples: 4/1
display  D   display_settings.c:527  _al_score_display_settings       [   0.02319] Score is : 589
display  D   display_settings.c:212  debug_display_settings           [   0.02320] color: 32 (rgba 8880), depth: 24, stencil: 0, acc: 0000, samples: 0/0
display  D   display_settings.c:527  _al_score_display_settings       [   0.02321] Score is : 769
display  D   display_settings.c:212  debug_display_settings           [   0.02322] color: 32 (rgba 8880), depth: 24, stencil: 0, acc: 0000, samples: 0/0
display  D   display_settings.c:527  _al_score_display_settings       [   0.02323] Score is : 769
display  D   display_settings.c:212  debug_display_settings           [   0.02324] color: 32 (rgba 8880), depth: 24, stencil: 0, acc: 0000, samples: 2/1
display  D   display_settings.c:527  _al_score_display_settings       [   0.02325] Score is : 598
display  D   display_settings.c:212  debug_display_settings           [   0.02326] color: 32 (rgba 8880), depth: 24, stencil: 0, acc: 0000, samples: 3/1
display  D   display_settings.c:527  _al_score_display_settings       [   0.02327] Score is : 593
display  D   display_settings.c:212  debug_display_settings           [   0.02328] color: 32 (rgba 8880), depth: 24, stencil: 0, acc: 0000, samples: 4/1
display  D   display_settings.c:527  _al_score_display_settings       [   0.02329] Score is : 589
display  D   display_settings.c:212  debug_display_settings           [   0.02330] color: 32 (rgba 8880), depth: 16, stencil: 0, acc: 0000, samples: 0/0
display  D   display_settings.c:527  _al_score_display_settings       [   0.02331] Score is : 769
display  D   display_settings.c:212  debug_display_settings           [   0.02333] color: 32 (rgba 8880), depth: 16, stencil: 0, acc: 0000, samples: 0/0
display  D   display_settings.c:527  _al_score_display_settings       [   0.02335] Score is : 769
display  D   display_settings.c:212  debug_display_settings           [   0.02336] color: 32 (rgba 8880), depth: 16, stencil: 0, acc: 0000, samples: 2/1
display  D   display_settings.c:527  _al_score_display_settings       [   0.02337] Score is : 598
display  D   display_settings.c:212  debug_display_settings           [   0.02338] color: 32 (rgba 8880), depth: 16, stencil: 0, acc: 0000, samples: 3/1
display  D   display_settings.c:527  _al_score_display_settings       [   0.02339] Score is : 593
display  D   display_settings.c:212  debug_display_settings           [   0.02340] color: 32 (rgba 8880), depth: 16, stencil: 0, acc: 0000, samples: 4/1
display  D   display_settings.c:527  _al_score_display_settings       [   0.02341] Score is : 589
display  D   display_settings.c:212  debug_display_settings           [   0.02342] color: 16 (rgba 5650), depth: 0, stencil: 0, acc: 0000, samples: 0/0
display  D   display_settings.c:527  _al_score_display_settings       [   0.02343] Score is : 769
display  D   display_settings.c:212  debug_display_settings           [   0.02344] color: 16 (rgba 5650), depth: 0, stencil: 0, acc: 0000, samples: 0/0
display  D   display_settings.c:527  _al_score_display_settings       [   0.02345] Score is : 769
display  D   display_settings.c:212  debug_display_settings           [   0.02346] color: 16 (rgba 5650), depth: 0, stencil: 0, acc: 0000, samples: 2/1
display  D   display_settings.c:527  _al_score_display_settings       [   0.02347] Score is : 598
display  D   display_settings.c:212  debug_display_settings           [   0.02348] color: 16 (rgba 5650), depth: 0, stencil: 0, acc: 0000, samples: 3/1
display  D   display_settings.c:527  _al_score_display_settings       [   0.02349] Score is : 593
display  D   display_settings.c:212  debug_display_settings           [   0.02350] color: 16 (rgba 5650), depth: 0, stencil: 0, acc: 0000, samples: 4/1
display  D   display_settings.c:527  _al_score_display_settings       [   0.02351] Score is : 589
display  D   display_settings.c:212  debug_display_settings           [   0.02352] color: 16 (rgba 5650), depth: 24, stencil: 8, acc: 0000, samples: 0/0
display  D   display_settings.c:527  _al_score_display_settings       [   0.02353] Score is : 769
display  D   display_settings.c:212  debug_display_settings           [   0.02354] color: 16 (rgba 5650), depth: 24, stencil: 8, acc: 0000, samples: 0/0
display  D   display_settings.c:527  _al_score_display_settings       [   0.02355] Score is : 769
display  D   display_settings.c:212  debug_display_settings           [   0.02356] color: 16 (rgba 5650), depth: 24, stencil: 8, acc: 0000, samples: 2/1
display  D   display_settings.c:527  _al_score_display_settings       [   0.02357] Score is : 598
display  D   display_settings.c:212  debug_display_settings           [   0.02358] color: 16 (rgba 5650), depth: 24, stencil: 8, acc: 0000, samples: 3/1
display  D   display_settings.c:527  _al_score_display_settings       [   0.02359] Score is : 593
display  D   display_settings.c:212  debug_display_settings           [   0.02360] color: 16 (rgba 5650), depth: 24, stencil: 8, acc: 0000, samples: 4/1
display  D   display_settings.c:527  _al_score_display_settings       [   0.02361] Score is : 589
display  D   display_settings.c:212  debug_display_settings           [   0.02362] color: 16 (rgba 5650), depth: 24, stencil: 0, acc: 0000, samples: 0/0
display  D   display_settings.c:527  _al_score_display_settings       [   0.02363] Score is : 769
display  D   display_settings.c:212  debug_display_settings           [   0.02364] color: 16 (rgba 5650), depth: 24, stencil: 0, acc: 0000, samples: 0/0
display  D   display_settings.c:527  _al_score_display_settings       [   0.02365] Score is : 769
display  D   display_settings.c:212  debug_display_settings           [   0.02366] color: 16 (rgba 5650), depth: 24, stencil: 0, acc: 0000, samples: 2/1
display  D   display_settings.c:527  _al_score_display_settings       [   0.02367] Score is : 598
display  D   display_settings.c:212  debug_display_settings           [   0.02368] color: 16 (rgba 5650), depth: 24, stencil: 0, acc: 0000, samples: 3/1
display  D   display_settings.c:527  _al_score_display_settings       [   0.02369] Score is : 593
display  D   display_settings.c:212  debug_display_settings           [   0.02370] color: 16 (rgba 5650), depth: 24, stencil: 0, acc: 0000, samples: 4/1
display  D   display_settings.c:527  _al_score_display_settings       [   0.02371] Score is : 589
display  D   display_settings.c:212  debug_display_settings           [   0.02371] color: 16 (rgba 5650), depth: 16, stencil: 0, acc: 0000, samples: 0/0
display  D   display_settings.c:527  _al_score_display_settings       [   0.02372] Score is : 769
display  D   display_settings.c:212  debug_display_settings           [   0.02373] color: 16 (rgba 5650), depth: 16, stencil: 0, acc: 0000, samples: 0/0
display  D   display_settings.c:527  _al_score_display_settings       [   0.02374] Score is : 769
display  D   display_settings.c:212  debug_display_settings           [   0.02375] color: 16 (rgba 5650), depth: 16, stencil: 0, acc: 0000, samples: 2/1
display  D   display_settings.c:527  _al_score_display_settings       [   0.02376] Score is : 598
display  D   display_settings.c:212  debug_display_settings           [   0.02377] color: 16 (rgba 5650), depth: 16, stencil: 0, acc: 0000, samples: 3/1
display  D   display_settings.c:527  _al_score_display_settings       [   0.02378] Score is : 593
display  D   display_settings.c:212  debug_display_settings           [   0.02379] color: 16 (rgba 5650), depth: 16, stencil: 0, acc: 0000, samples: 4/1
display  D   display_settings.c:527  _al_score_display_settings       [   0.02380] Score is : 589
display  D   display_settings.c:212  debug_display_settings           [   0.02382] color: 32 (rgba 8880), depth: 0, stencil: 0, acc: 0000, samples: 0/0
display  D   display_settings.c:398  _al_score_display_settings       [   0.02385] Single Buffer requirement not met.
display  D   display_settings.c:212  debug_display_settings           [   0.02386] color: 32 (rgba 8880), depth: 0, stencil: 0, acc: 0000, samples: 0/0
display  D   display_settings.c:398  _al_score_display_settings       [   0.02387] Single Buffer requirement not met.
display  D   display_settings.c:212  debug_display_settings           [   0.02388] color: 32 (rgba 8880), depth: 0, stencil: 0, acc: 0000, samples: 2/1
display  D   display_settings.c:398  _al_score_display_settings       [   0.02389] Single Buffer requirement not met.
display  D   display_settings.c:212  debug_display_settings           [   0.02390] color: 32 (rgba 8880), depth: 0, stencil: 0, acc: 0000, samples: 3/1
display  D   display_settings.c:398  _al_score_display_settings       [   0.02391] Single Buffer requirement not met.
display  D   display_settings.c:212  debug_display_settings           [   0.02392] color: 32 (rgba 8880), depth: 0, stencil: 0, acc: 0000, samples: 4/1
display  D   display_settings.c:398  _al_score_display_settings       [   0.02393] Single Buffer requirement not met.
display  D   display_settings.c:212  debug_display_settings           [   0.02394] color: 32 (rgba 8880), depth: 24, stencil: 8, acc: 0000, samples: 0/0
display  D   display_settings.c:398  _al_score_display_settings       [   0.02395] Single Buffer requirement not met.
display  D   display_settings.c:212  debug_display_settings           [   0.02396] color: 32 (rgba 8880), depth: 24, stencil: 8, acc: 0000, samples: 0/0
display  D   display_settings.c:398  _al_score_display_settings       [   0.02397] Single Buffer requirement not met.
display  D   display_settings.c:212  debug_display_settings           [   0.02398] color: 32 (rgba 8880), depth: 24, stencil: 8, acc: 0000, samples: 2/1
display  D   display_settings.c:398  _al_score_display_settings       [   0.02399] Single Buffer requirement not met.
display  D   display_settings.c:212  debug_display_settings           [   0.02400] color: 32 (rgba 8880), depth: 24, stencil: 8, acc: 0000, samples: 3/1
display  D   display_settings.c:398  _al_score_display_settings       [   0.02402] Single Buffer requirement not met.
display  D   display_settings.c:212  debug_display_settings           [   0.02403] color: 32 (rgba 8880), depth: 24, stencil: 8, acc: 0000, samples: 4/1
display  D   display_settings.c:398  _al_score_display_settings       [   0.02404] Single Buffer requirement not met.
display  D   display_settings.c:212  debug_display_settings           [   0.02405] color: 32 (rgba 8880), depth: 24, stencil: 0, acc: 0000, samples: 0/0
display  D   display_settings.c:398  _al_score_display_settings       [   0.02406] Single Buffer requirement not met.
display  D   display_settings.c:212  debug_display_settings           [   0.02407] color: 32 (rgba 8880), depth: 24, stencil: 0, acc: 0000, samples: 0/0
display  D   display_settings.c:398  _al_score_display_settings       [   0.02408] Single Buffer requirement not met.
display  D   display_settings.c:212  debug_display_settings           [   0.02408] color: 32 (rgba 8880), depth: 24, stencil: 0, acc: 0000, samples: 2/1
display  D   display_settings.c:398  _al_score_display_settings       [   0.02409] Single Buffer requirement not met.
display  D   display_settings.c:212  debug_display_settings           [   0.02410] color: 32 (rgba 8880), depth: 24, stencil: 0, acc: 0000, samples: 3/1
display  D   display_settings.c:398  _al_score_display_settings       [   0.02411] Single Buffer requirement not met.
display  D   display_settings.c:212  debug_display_settings           [   0.02412] color: 32 (rgba 8880), depth: 24, stencil: 0, acc: 0000, samples: 4/1
display  D   display_settings.c:398  _al_score_display_settings       [   0.02413] Single Buffer requirement not met.
display  D   display_settings.c:212  debug_display_settings           [   0.02414] color: 32 (rgba 8880), depth: 16, stencil: 0, acc: 0000, samples: 0/0
display  D   display_settings.c:398  _al_score_display_settings       [   0.02417] Single Buffer requirement not met.
display  D   display_settings.c:212  debug_display_settings           [   0.02418] color: 32 (rgba 8880), depth: 16, stencil: 0, acc: 0000, samples: 0/0
display  D   display_settings.c:398  _al_score_display_settings       [   0.02419] Single Buffer requirement not met.
display  D   display_settings.c:212  debug_display_settings           [   0.02420] color: 32 (rgba 8880), depth: 16, stencil: 0, acc: 0000, samples: 2/1
display  D   display_settings.c:398  _al_score_display_settings       [   0.02421] Single Buffer requirement not met.
display  D   display_settings.c:212  debug_display_settings           [   0.02422] color: 32 (rgba 8880), depth: 16, stencil: 0, acc: 0000, samples: 3/1
display  D   display_settings.c:398  _al_score_display_settings       [   0.02423] Single Buffer requirement not met.
display  D   display_settings.c:212  debug_display_settings           [   0.02424] color: 32 (rgba 8880), depth: 16, stencil: 0, acc: 0000, samples: 4/1
display  D   display_settings.c:398  _al_score_display_settings       [   0.02425] Single Buffer requirement not met.
display  D   display_settings.c:212  debug_display_settings           [   0.02426] color: 16 (rgba 5650), depth: 0, stencil: 0, acc: 0000, samples: 0/0
display  D   display_settings.c:398  _al_score_display_settings       [   0.02427] Single Buffer requirement not met.
display  D   display_settings.c:212  debug_display_settings           [   0.02428] color: 16 (rgba 5650), depth: 0, stencil: 0, acc: 0000, samples: 0/0
display  D   display_settings.c:398  _al_score_display_settings       [   0.02429] Single Buffer requirement not met.
display  D   display_settings.c:212  debug_display_settings           [   0.02430] color: 16 (rgba 5650), depth: 0, stencil: 0, acc: 0000, samples: 2/1
display  D   display_settings.c:398  _al_score_display_settings       [   0.02431] Single Buffer requirement not met.
display  D   display_settings.c:212  debug_display_settings           [   0.02432] color: 16 (rgba 5650), depth: 0, stencil: 0, acc: 0000, samples: 3/1
display  D   display_settings.c:398  _al_score_display_settings       [   0.02433] Single Buffer requirement not met.
display  D   display_settings.c:212  debug_display_settings           [   0.02434] color: 16 (rgba 5650), depth: 0, stencil: 0, acc: 0000, samples: 4/1
display  D   display_settings.c:398  _al_score_display_settings       [   0.02435] Single Buffer requirement not met.
display  D   display_settings.c:212  debug_display_settings           [   0.02436] color: 16 (rgba 5650), depth: 24, stencil: 8, acc: 0000, samples: 0/0
display  D   display_settings.c:398  _al_score_display_settings       [   0.02437] Single Buffer requirement not met.
display  D   display_settings.c:212  debug_display_settings           [   0.02438] color: 16 (rgba 5650), depth: 24, stencil: 8, acc: 0000, samples: 0/0
display  D   display_settings.c:398  _al_score_display_settings       [   0.02439] Single Buffer requirement not met.
display  D   display_settings.c:212  debug_display_settings           [   0.02440] color: 16 (rgba 5650), depth: 24, stencil: 8, acc: 0000, samples: 2/1
display  D   display_settings.c:398  _al_score_display_settings       [   0.02441] Single Buffer requirement not met.
display  D   display_settings.c:212  debug_display_settings           [   0.02442] color: 16 (rgba 5650), depth: 24, stencil: 8, acc: 0000, samples: 3/1
display  D   display_settings.c:398  _al_score_display_settings       [   0.02443] Single Buffer requirement not met.
display  D   display_settings.c:212  debug_display_settings           [   0.02444] color: 16 (rgba 5650), depth: 24, stencil: 8, acc: 0000, samples: 4/1
display  D   display_settings.c:398  _al_score_display_settings       [   0.02445] Single Buffer requirement not met.
display  D   display_settings.c:212  debug_display_settings           [   0.02446] color: 16 (rgba 5650), depth: 24, stencil: 0, acc: 0000, samples: 0/0
display  D   display_settings.c:398  _al_score_display_settings       [   0.02447] Single Buffer requirement not met.
display  D   display_settings.c:212  debug_display_settings           [   0.02448] color: 16 (rgba 5650), depth: 24, stencil: 0, acc: 0000, samples: 0/0
display  D   display_settings.c:398  _al_score_display_settings       [   0.02449] Single Buffer requirement not met.
display  D   display_settings.c:212  debug_display_settings           [   0.02450] color: 16 (rgba 5650), depth: 24, stencil: 0, acc: 0000, samples: 2/1
display  D   display_settings.c:398  _al_score_display_settings       [   0.02451] Single Buffer requirement not met.
display  D   display_settings.c:212  debug_display_settings           [   0.02451] color: 16 (rgba 5650), depth: 24, stencil: 0, acc: 0000, samples: 3/1
display  D   display_settings.c:398  _al_score_display_settings       [   0.02452] Single Buffer requirement not met.
display  D   display_settings.c:212  debug_display_settings           [   0.02453] color: 16 (rgba 5650), depth: 24, stencil: 0, acc: 0000, samples: 4/1
display  D   display_settings.c:398  _al_score_display_settings       [   0.02454] Single Buffer requirement not met.
display  D   display_settings.c:212  debug_display_settings           [   0.02455] color: 16 (rgba 5650), depth: 16, stencil: 0, acc: 0000, samples: 0/0
display  D   display_settings.c:398  _al_score_display_settings       [   0.02456] Single Buffer requirement not met.
display  D   display_settings.c:212  debug_display_settings           [   0.02457] color: 16 (rgba 5650), depth: 16, stencil: 0, acc: 0000, samples: 0/0
display  D   display_settings.c:398  _al_score_display_settings       [   0.02458] Single Buffer requirement not met.
display  D   display_settings.c:212  debug_display_settings           [   0.02459] color: 16 (rgba 5650), depth: 16, stencil: 0, acc: 0000, samples: 2/1
display  D   display_settings.c:398  _al_score_display_settings       [   0.02460] Single Buffer requirement not met.
display  D   display_settings.c:212  debug_display_settings           [   0.02461] color: 16 (rgba 5650), depth: 16, stencil: 0, acc: 0000, samples: 3/1
display  D   display_settings.c:398  _al_score_display_settings       [   0.02462] Single Buffer requirement not met.
display  D   display_settings.c:212  debug_display_settings           [   0.02463] color: 16 (rgba 5650), depth: 16, stencil: 0, acc: 0000, samples: 4/1
display  D   display_settings.c:398  _al_score_display_settings       [   0.02464] Single Buffer requirement not met.
d3d      D         d3d_disp.cpp:1678 d3d_create_display_internals     [   0.02467] Trying format 0.
d3d      I         d3d_disp.cpp:1354 d3d_display_thread_proc          [   0.02479] Chose a display format: 23
d3d      I         d3d_disp.cpp:1423 d3d_display_thread_proc          [   0.02482] Normal window.
d3d      I         d3d_disp.cpp:791  d3d_create_device                [   0.04018] Using no depth stencil buffer
d3d      D         d3d_disp.cpp:849  d3d_create_device                [   0.09754] BeginScene succeeded in create_device
d3d      D         d3d_disp.cpp:857  d3d_create_device                [   0.09758] Success
d3d      D         d3d_disp.cpp:1701 d3d_create_display_internals     [   0.09760] Resumed after wait.
d3d      I         d3d_disp.cpp:1734 d3d_create_display_internals     [   0.09764] Format 0 succeeded.
d3d      D         d3d_disp.cpp:1765 d3d_create_display_internals     [   0.09767] Returning d3d_display: 0000000000779280
d3d      D         d3d_disp.cpp:1790 d3d_create_display_locked        [   0.09768] al_display=0000000000779280
d3d      D         d3d_disp.cpp:1791 d3d_create_display_locked        [   0.09769] al_display->vt=0000000000779110
system   D            wsystem.c:854  _al_win_safe_load_library        [   0.09787] PathFindOnPath found: C:\Windows\system32\d3dx9_43.dll
system   D            wsystem.c:760  load_library_at_path             [   0.09789] Calling LoadLibrary C:\Windows\system32\d3dx9_43.dll
system   I            wsystem.c:763  load_library_at_path             [   0.09819] Loaded C:\Windows\system32\d3dx9_43.dll
d3dx9    I        d3d_d3dx9.cpp:88   _imp_load_d3dx9_module_version   [   0.09822] Module "d3dx9_43.dll" loaded.
dtor     D               dtor.c:196  _al_register_destructor          [   0.09886] added dtor for queue 0000000000689F70, func 0000000061AEC57C
dtor     D               dtor.c:196  _al_register_destructor          [   0.09890] added dtor for timer 000000000068A040, func 0000000061AFF9C7
stdio    D         file_stdio.c:110  file_stdio_fopen                 [   0.09893] opening gamelib/fonts/arial.ttf rb
font     D                ttf.c:942  al_load_ttf_font_stretch_f       [   0.09931] Font gamelib/fonts/arial.ttf loaded with pixel size 0 x 34.
font     D                ttf.c:944  al_load_ttf_font_stretch_f       [   0.09933]     ascent=31.0, descent=-8.0, height=39.0
dtor     D               dtor.c:196  _al_register_destructor          [   0.09935] added dtor for ttf_font 0000000000681B90, func 0000000061BE2F59
stdio    D         file_stdio.c:110  file_stdio_fopen                 [   0.09936] opening gamelib/fonts/arial.ttf rb
font     D                ttf.c:942  al_load_ttf_font_stretch_f       [   0.09958] Font gamelib/fonts/arial.ttf loaded with pixel size 0 x 16.
font     D                ttf.c:944  al_load_ttf_font_stretch_f       [   0.09959]     ascent=15.0, descent=-4.0, height=18.0
dtor     D               dtor.c:196  _al_register_destructor          [   0.09961] added dtor for ttf_font 0000000000681E30, func 0000000061BE2F59
stdio    D         file_stdio.c:110  file_stdio_fopen                 [   0.09962] opening gamelib/images/gui_pieces.bmp rb
stdio    D         file_stdio.c:110  file_stdio_fopen                 [   0.09970] opening gamelib/images/gui_pieces.bmp rb
d3d      D         d3d_disp.cpp:1198 real_choose_bitmap_format        [   0.09975] Fake format
d3d      D         d3d_disp.cpp:1198 real_choose_bitmap_format        [   0.09977] Fake format
d3d      D         d3d_disp.cpp:1198 real_choose_bitmap_format        [   0.09978] Fake format
d3d      D         d3d_disp.cpp:1198 real_choose_bitmap_format        [   0.09979] Fake format
d3d      D         d3d_disp.cpp:1198 real_choose_bitmap_format        [   0.09980] Fake format
d3d      D         d3d_disp.cpp:1198 real_choose_bitmap_format        [   0.09980] Fake format
d3d      D         d3d_disp.cpp:1198 real_choose_bitmap_format        [   0.09981] Fake format
d3d      D         d3d_disp.cpp:1198 real_choose_bitmap_format        [   0.09982] Fake format
d3d      D         d3d_disp.cpp:1198 real_choose_bitmap_format        [   0.09983] Fake format
d3d      D         d3d_disp.cpp:1206 real_choose_bitmap_format        [   0.09984] Alpha doesn't match
d3d      D         d3d_disp.cpp:1213 real_choose_bitmap_format        [   0.09985] Adapter format is 23
d3d      D         d3d_disp.cpp:1216 real_choose_bitmap_format        [   0.09986] Found a format
d3d      I         d3d_disp.cpp:2387 d3d_create_bitmap                [   0.09987] Chose bitmap format 9
dtor     D               dtor.c:196  _al_register_destructor          [   0.10031] added dtor for bitmap 00000000006D21B0, func 0000000061AC1C0A
d3d      D          d3d_bmp.cpp:539  _al_d3d_sync_bitmap              [   0.11231] _al_d3d_sync_bitmap (system) ref count == 1
d3d      D          d3d_bmp.cpp:545  _al_d3d_sync_bitmap              [   0.11235] _al_d3d_sync_bitmap (video) ref count == 1
d3d      D         d3d_disp.cpp:1198 real_choose_bitmap_format        [   0.19148] Fake format
d3d      D         d3d_disp.cpp:1198 real_choose_bitmap_format        [   0.19155] Fake format
d3d      D         d3d_disp.cpp:1198 real_choose_bitmap_format        [   0.19159] Fake format
d3d      D         d3d_disp.cpp:1198 real_choose_bitmap_format        [   0.19163] Fake format
d3d      D         d3d_disp.cpp:1198 real_choose_bitmap_format        [   0.19166] Fake format
d3d      D         d3d_disp.cpp:1198 real_choose_bitmap_format        [   0.19170] Fake format
d3d      D         d3d_disp.cpp:1198 real_choose_bitmap_format        [   0.19173] Fake format
d3d      D         d3d_disp.cpp:1198 real_choose_bitmap_format        [   0.19177] Fake format
d3d      D         d3d_disp.cpp:1198 real_choose_bitmap_format        [   0.19180] Fake format
d3d      D         d3d_disp.cpp:1206 real_choose_bitmap_format        [   0.19183] Alpha doesn't match
d3d      D         d3d_disp.cpp:1213 real_choose_bitmap_format        [   0.19187] Adapter format is 23
d3d      D         d3d_disp.cpp:1216 real_choose_bitmap_format        [   0.19190] Found a format
d3d      I         d3d_disp.cpp:2387 d3d_create_bitmap                [   0.19194] Chose bitmap format 9
font     D                ttf.c:242  alloc_glyph_region               [   0.19403] Glyph 55: 23x27 (24x28)
font     D                ttf.c:286  alloc_glyph_region               [   0.19409] Locking glyph region: 00000000006D8130 0 0 24 28
font     D                ttf.c:166  unlock_current_page              [   0.19653] Unlocking page: 00000000006D8130
font     D                ttf.c:242  alloc_glyph_region               [   0.19673] Glyph 43: 22x27 (24x28)
font     D                ttf.c:286  alloc_glyph_region               [   0.19677] Locking glyph region: 00000000006D8130 24 0 24 28
font     D                ttf.c:166  unlock_current_page              [   0.19685] Unlocking page: 00000000006D8130
font     D                ttf.c:242  alloc_glyph_region               [   0.19696] Glyph 40: 21x27 (24x28)
font     D                ttf.c:286  alloc_glyph_region               [   0.19702] Locking glyph region: 00000000006D8130 48 0 24 28
font     D                ttf.c:166  unlock_current_page              [   0.19710] Unlocking page: 00000000006D8130
font     D                ttf.c:445  cache_glyph                      [   0.19716] Glyph 3 has zero size.
font     D                ttf.c:242  alloc_glyph_region               [   0.19733] Glyph 42: 26x27 (28x28)
font     D                ttf.c:286  alloc_glyph_region               [   0.19737] Locking glyph region: 00000000006D8130 72 0 28 28
font     D                ttf.c:166  unlock_current_page              [   0.19747] Unlocking page: 00000000006D8130
font     D                ttf.c:242  alloc_glyph_region               [   0.19760] Glyph 36: 26x27 (28x28)
font     D                ttf.c:286  alloc_glyph_region               [   0.19764] Locking glyph region: 00000000006D8130 100 0 28 28
font     D                ttf.c:166  unlock_current_page              [   0.19773] Unlocking page: 00000000006D8130
font     D                ttf.c:242  alloc_glyph_region               [   0.19788] Glyph 48: 26x27 (28x28)
font     D                ttf.c:286  alloc_glyph_region               [   0.19793] Locking glyph region: 00000000006D8130 128 0 28 28
font     D                ttf.c:166  unlock_current_page              [   0.19801] Unlocking page: 00000000006D8130
d3d      D         d3d_disp.cpp:1198 real_choose_bitmap_format        [   0.19871] Fake format
d3d      D         d3d_disp.cpp:1198 real_choose_bitmap_format        [   0.19874] Fake format
d3d      D         d3d_disp.cpp:1198 real_choose_bitmap_format        [   0.19876] Fake format
d3d      D         d3d_disp.cpp:1198 real_choose_bitmap_format        [   0.19878] Fake format
d3d      D         d3d_disp.cpp:1198 real_choose_bitmap_format        [   0.19880] Fake format
d3d      D         d3d_disp.cpp:1198 real_choose_bitmap_format        [   0.19882] Fake format
d3d      D         d3d_disp.cpp:1198 real_choose_bitmap_format        [   0.19884] Fake format
d3d      D         d3d_disp.cpp:1198 real_choose_bitmap_format        [   0.19886] Fake format
d3d      D         d3d_disp.cpp:1198 real_choose_bitmap_format        [   0.19888] Fake format
d3d      D         d3d_disp.cpp:1206 real_choose_bitmap_format        [   0.19891] Alpha doesn't match
d3d      D         d3d_disp.cpp:1213 real_choose_bitmap_format        [   0.19893] Adapter format is 23
d3d      D         d3d_disp.cpp:1216 real_choose_bitmap_format        [   0.19896] Found a format
d3d      I         d3d_disp.cpp:2387 d3d_create_bitmap                [   0.19898] Chose bitmap format 9
font     D                ttf.c:242  alloc_glyph_region               [   0.19955] Glyph 51: 11x14 (12x16)
font     D                ttf.c:286  alloc_glyph_region               [   0.19961] Locking glyph region: 00000000006DD8A0 0 0 12 16
font     D                ttf.c:166  unlock_current_page              [   0.19971] Unlocking page: 00000000006DD8A0
font     D                ttf.c:242  alloc_glyph_region               [   0.19983] Glyph 47: 10x14 (12x16)
font     D                ttf.c:286  alloc_glyph_region               [   0.19986] Locking glyph region: 00000000006DD8A0 12 0 12 16
font     D                ttf.c:166  unlock_current_page              [   0.19993] Unlocking page: 00000000006DD8A0
font     D                ttf.c:242  alloc_glyph_region               [   0.20032] Glyph 36: 14x14 (16x16)
font     D                ttf.c:286  alloc_glyph_region               [   0.20035] Locking glyph region: 00000000006DD8A0 24 0 16 16
font     D                ttf.c:166  unlock_current_page              [   0.20041] Unlocking page: 00000000006DD8A0
font     D                ttf.c:242  alloc_glyph_region               [   0.20073] Glyph 60: 13x14 (16x16)
font     D                ttf.c:286  alloc_glyph_region               [   0.20075] Locking glyph region: 00000000006DD8A0 40 0 16 16
font     D                ttf.c:166  unlock_current_page              [   0.20080] Unlocking page: 00000000006DD8A0
font     D                ttf.c:242  alloc_glyph_region               [   0.20103] Glyph 50: 14x14 (16x16)
font     D                ttf.c:286  alloc_glyph_region               [   0.20106] Locking glyph region: 00000000006DD8A0 56 0 16 16
font     D                ttf.c:166  unlock_current_page              [   0.20111] Unlocking page: 00000000006DD8A0
font     D                ttf.c:242  alloc_glyph_region               [   0.20130] Glyph 55: 12x14 (12x16)
font     D                ttf.c:286  alloc_glyph_region               [   0.20133] Locking glyph region: 00000000006DD8A0 72 0 12 16
font     D                ttf.c:166  unlock_current_page              [   0.20137] Unlocking page: 00000000006DD8A0
font     D                ttf.c:242  alloc_glyph_region               [   0.20157] Glyph 44: 5x14 (8x16)
font     D                ttf.c:286  alloc_glyph_region               [   0.20160] Locking glyph region: 00000000006DD8A0 84 0 8 16
font     D                ttf.c:166  unlock_current_page              [   0.20164] Unlocking page: 00000000006DD8A0
font     D                ttf.c:242  alloc_glyph_region               [   0.20183] Glyph 49: 12x14 (12x16)
font     D                ttf.c:286  alloc_glyph_region               [   0.20185] Locking glyph region: 00000000006DD8A0 92 0 12 16
font     D                ttf.c:166  unlock_current_page              [   0.20191] Unlocking page: 00000000006DD8A0
font     D                ttf.c:242  alloc_glyph_region               [   0.20234] Glyph 54: 12x14 (12x16)
font     D                ttf.c:286  alloc_glyph_region               [   0.20237] Locking glyph region: 00000000006DD8A0 104 0 12 16
font     D                ttf.c:166  unlock_current_page              [   0.20242] Unlocking page: 00000000006DD8A0
font     D                ttf.c:242  alloc_glyph_region               [   0.20257] Glyph 40: 11x14 (12x16)
font     D                ttf.c:286  alloc_glyph_region               [   0.20259] Locking glyph region: 00000000006DD8A0 116 0 12 16
font     D                ttf.c:166  unlock_current_page              [   0.20264] Unlocking page: 00000000006DD8A0
font     D                ttf.c:242  alloc_glyph_region               [   0.20292] Glyph 59: 13x14 (16x16)
font     D                ttf.c:286  alloc_glyph_region               [   0.20295] Locking glyph region: 00000000006DD8A0 128 0 16 16
font     D                ttf.c:166  unlock_current_page              [   0.20300] Unlocking page: 00000000006DD8A0
d3d      D          d3d_bmp.cpp:539  _al_d3d_sync_bitmap              [   0.20466] _al_d3d_sync_bitmap (system) ref count == 1
d3d      D          d3d_bmp.cpp:545  _al_d3d_sync_bitmap              [   0.20472] _al_d3d_sync_bitmap (video) ref count == 1
d3d      D          d3d_bmp.cpp:539  _al_d3d_sync_bitmap              [   0.20638] _al_d3d_sync_bitmap (system) ref count == 1
d3d      D          d3d_bmp.cpp:545  _al_d3d_sync_bitmap              [   0.20643] _al_d3d_sync_bitmap (video) ref count == 1
d3d      D          d3d_bmp.cpp:539  _al_d3d_sync_bitmap              [   0.20795] _al_d3d_sync_bitmap (system) ref count == 1
d3d      D          d3d_bmp.cpp:545  _al_d3d_sync_bitmap              [   0.20800] _al_d3d_sync_bitmap (video) ref count == 1
dtor     D               dtor.c:227  _al_unregister_destructor        [  11.96248] removed dtor for bitmap 00000000006D21B0
dtor     D               dtor.c:227  _al_unregister_destructor        [  11.96464] removed dtor for ttf_font 0000000000681E30
dtor     D               dtor.c:227  _al_unregister_destructor        [  11.96560] removed dtor for ttf_font 0000000000681B90
dtor     D               dtor.c:227  _al_unregister_destructor        [  11.96664] removed dtor for timer 000000000068A040
dtor     D               dtor.c:227  _al_unregister_destructor        [  11.96677] removed dtor for queue 0000000000689F70
d3d      I         d3d_disp.cpp:911  d3d_destroy_display              [  11.96690] destroying display 0000000000779280 (current 0000000000000000)
d3d      D         d3d_disp.cpp:895  d3d_destroy_display_internals    [  11.96858] waiting for display 0000000000779280's thread to end
d3d      W         d3d_disp.cpp:608  d3d_destroy_device               [  11.98800] d3d_destroy_device: ref count not 0
d3d      I         d3d_disp.cpp:1558 d3d_display_thread_proc          [  12.01115] d3d display thread exits
